<?xml version="1.0" encoding="UTF-8"?>
<!-- Generated by org.testng.reporters.JUnitReportReporter -->
<testsuite hostname="Atul" failures="0" tests="1" name="testng.Firstprogramoftestng" time="0.009" errors="0" timestamp="2022-10-10T15:16:10 IST" skipped="0">
  <testcase classname="testng.Firstprogramoftestng" name="method1" time="0.009"/>
  <system-out/>
</testsuite> <!-- testng.Firstprogramoftestng -->
