<?xml version="1.0" encoding="UTF-8"?>
<!-- Generated by org.testng.reporters.JUnitReportReporter -->
<testsuite hostname="Atul" failures="0" tests="1" name="com.kitezeroda.testclass.Annotationclass" time="0.002" errors="0" timestamp="2022-10-10T15:16:10 IST" skipped="0">
  <testcase classname="com.kitezeroda.testclass.Annotationclass" name="verifyLOginFunctionality" time="0.002"/>
  <system-out/>
</testsuite> <!-- com.kitezeroda.testclass.Annotationclass -->
